This file contains any messages produced by compilers while
running configure, to aid debugging if configure makes a mistake.

It was created by OpenFst configure 1.6.9, which was
generated by GNU Autoconf 2.69.  Invocation command line was

  $ ./configure --enable-python

## --------- ##
## Platform. ##
## --------- ##

hostname = ydkaide-MacBook-Pro.local
uname -m = x86_64
uname -r = 18.0.0
uname -s = Darwin
uname -v = Darwin Kernel Version 18.0.0: Wed Aug 22 20:13:40 PDT 2018; root:xnu-4903.201.2~1/RELEASE_X86_64

/usr/bin/uname -p = i386
/bin/uname -X     = unknown

/bin/arch              = unknown
/usr/bin/arch -k       = unknown
/usr/convex/getsysinfo = unknown
/usr/bin/hostinfo      = Mach kernel version:
	 Darwin Kernel Version 18.0.0: Wed Aug 22 20:13:40 PDT 2018; root:xnu-4903.201.2~1/RELEASE_X86_64
Kernel configured for up to 4 processors.
2 processors are physically available.
4 processors are logically available.
Processor type: x86_64h (Intel x86-64h Haswell)
Processors active: 0 1 2 3
Primary memory available: 16.00 gigabytes
Default processor set: 416 tasks, 1711 threads, 4 processors
Load average: 1.79, Mach factor: 2.20
/bin/machine           = unknown
/usr/bin/oslevel       = unknown
/bin/universe          = unknown

PATH: /Library/Frameworks/Python.framework/Versions/3.7/bin
PATH: /usr/local/bin
PATH: /usr/bin
PATH: /bin
PATH: /usr/sbin
PATH: /sbin
PATH: /Library/Frameworks/Python.framework/Versions/3.7/bin
PATH: /usr/local/go/bin


## ----------- ##
## Core tests. ##
## ----------- ##

configure:2393: checking for a BSD-compatible install
configure:2461: result: /usr/bin/install -c
configure:2472: checking whether build environment is sane
configure:2527: result: yes
configure:2678: checking for a thread-safe mkdir -p
configure:2717: result: ./install-sh -c -d
configure:2724: checking for gawk
configure:2754: result: no
configure:2724: checking for mawk
configure:2754: result: no
configure:2724: checking for nawk
configure:2754: result: no
configure:2724: checking for awk
configure:2740: found /usr/bin/awk
configure:2751: result: awk
configure:2762: checking whether make sets $(MAKE)
configure:2784: result: yes
configure:2813: checking whether make supports nested variables
configure:2830: result: yes
configure:2968: checking for style of include used by make
configure:2996: result: GNU
configure:3067: checking for gcc
configure:3083: found /usr/bin/gcc
configure:3094: result: gcc
configure:3323: checking for C compiler version
configure:3332: gcc --version >&5
Apple LLVM version 10.0.0 (clang-1000.11.45.5)
Target: x86_64-apple-darwin18.0.0
Thread model: posix
InstalledDir: /Applications/Xcode.app/Contents/Developer/Toolchains/XcodeDefault.xctoolchain/usr/bin
Configured with: --prefix=/Applications/Xcode.app/Contents/Developer/usr --with-gxx-include-dir=/Applications/Xcode.app/Contents/Developer/Platforms/MacOSX.platform/Developer/SDKs/MacOSX10.14.sdk/usr/include/c++/4.2.1
configure:3343: $? = 0
configure:3332: gcc -v >&5
Configured with: --prefix=/Applications/Xcode.app/Contents/Developer/usr --with-gxx-include-dir=/Applications/Xcode.app/Contents/Developer/Platforms/MacOSX.platform/Developer/SDKs/MacOSX10.14.sdk/usr/include/c++/4.2.1
Apple LLVM version 10.0.0 (clang-1000.11.45.5)
Target: x86_64-apple-darwin18.0.0
Thread model: posix
InstalledDir: /Applications/Xcode.app/Contents/Developer/Toolchains/XcodeDefault.xctoolchain/usr/bin
configure:3343: $? = 0
configure:3332: gcc -V >&5
clang: error: argument to '-V' is missing (expected 1 value)
clang: error: no input files
configure:3343: $? = 1
configure:3332: gcc -qversion >&5
clang: error: unknown argument: '-qversion'
clang: error: no input files
configure:3343: $? = 1
configure:3363: checking whether the C compiler works
configure:3385: gcc    conftest.c  >&5
configure:3389: $? = 0
configure:3437: result: yes
configure:3440: checking for C compiler default output file name
configure:3442: result: a.out
configure:3448: checking for suffix of executables
configure:3455: gcc -o conftest    conftest.c  >&5
configure:3459: $? = 0
configure:3481: result: 
configure:3503: checking whether we are cross compiling
configure:3511: gcc -o conftest    conftest.c  >&5
configure:3515: $? = 0
configure:3522: ./conftest
configure:3526: $? = 0
configure:3541: result: no
configure:3546: checking for suffix of object files
configure:3568: gcc -c   conftest.c >&5
configure:3572: $? = 0
configure:3593: result: o
configure:3597: checking whether we are using the GNU C compiler
configure:3616: gcc -c   conftest.c >&5
configure:3616: $? = 0
configure:3625: result: yes
configure:3634: checking whether gcc accepts -g
configure:3654: gcc -c -g  conftest.c >&5
configure:3654: $? = 0
configure:3695: result: yes
configure:3712: checking for gcc option to accept ISO C89
configure:3775: gcc  -c -g -O2  conftest.c >&5
configure:3775: $? = 0
configure:3788: result: none needed
configure:3813: checking whether gcc understands -c and -o together
configure:3835: gcc -c conftest.c -o conftest2.o
configure:3838: $? = 0
configure:3835: gcc -c conftest.c -o conftest2.o
configure:3838: $? = 0
configure:3850: result: yes
configure:3869: checking dependency style of gcc
configure:3980: result: gcc3
configure:4045: checking for ar
configure:4061: found /usr/bin/ar
configure:4072: result: ar
configure:4098: checking the archiver (ar) interface
configure:4114: gcc -c -g -O2  conftest.c >&5
configure:4114: $? = 0
configure:4116: ar cru libconftest.a conftest.o >&5
configure:4119: $? = 0
configure:4147: result: ar
configure:4232: checking for g++
configure:4248: found /usr/bin/g++
configure:4259: result: g++
configure:4286: checking for C++ compiler version
configure:4295: g++ --version >&5
Apple LLVM version 10.0.0 (clang-1000.11.45.5)
Target: x86_64-apple-darwin18.0.0
Thread model: posix
InstalledDir: /Applications/Xcode.app/Contents/Developer/Toolchains/XcodeDefault.xctoolchain/usr/bin
Configured with: --prefix=/Applications/Xcode.app/Contents/Developer/usr --with-gxx-include-dir=/Applications/Xcode.app/Contents/Developer/Platforms/MacOSX.platform/Developer/SDKs/MacOSX10.14.sdk/usr/include/c++/4.2.1
configure:4306: $? = 0
configure:4295: g++ -v >&5
Configured with: --prefix=/Applications/Xcode.app/Contents/Developer/usr --with-gxx-include-dir=/Applications/Xcode.app/Contents/Developer/Platforms/MacOSX.platform/Developer/SDKs/MacOSX10.14.sdk/usr/include/c++/4.2.1
Apple LLVM version 10.0.0 (clang-1000.11.45.5)
Target: x86_64-apple-darwin18.0.0
Thread model: posix
InstalledDir: /Applications/Xcode.app/Contents/Developer/Toolchains/XcodeDefault.xctoolchain/usr/bin
configure:4306: $? = 0
configure:4295: g++ -V >&5
clang: error: argument to '-V' is missing (expected 1 value)
clang: error: no input files
configure:4306: $? = 1
configure:4295: g++ -qversion >&5
clang: error: unknown argument: '-qversion'
clang: error: no input files
configure:4306: $? = 1
configure:4310: checking whether we are using the GNU C++ compiler
configure:4329: g++ -c  -std=c++11  -fno-exceptions -funsigned-char conftest.cpp >&5
configure:4329: $? = 0
configure:4338: result: yes
configure:4347: checking whether g++ accepts -g
configure:4367: g++ -c -g  -fno-exceptions -funsigned-char conftest.cpp >&5
configure:4367: $? = 0
configure:4408: result: yes
configure:4433: checking dependency style of g++
configure:4544: result: gcc3
configure:4619: checking build system type
configure:4633: result: x86_64-apple-darwin18.0.0
configure:4653: checking host system type
configure:4666: result: x86_64-apple-darwin18.0.0
configure:4707: checking how to print strings
configure:4734: result: printf
configure:4755: checking for a sed that does not truncate output
configure:4819: result: /usr/bin/sed
configure:4837: checking for grep that handles long lines and -e
configure:4895: result: /usr/bin/grep
configure:4900: checking for egrep
configure:4962: result: /usr/bin/grep -E
configure:4967: checking for fgrep
configure:5029: result: /usr/bin/grep -F
configure:5064: checking for ld used by gcc
configure:5131: result: /Applications/Xcode.app/Contents/Developer/Toolchains/XcodeDefault.xctoolchain/usr/bin/ld
configure:5138: checking if the linker (/Applications/Xcode.app/Contents/Developer/Toolchains/XcodeDefault.xctoolchain/usr/bin/ld) is GNU ld
configure:5153: result: no
configure:5165: checking for BSD- or MS-compatible name lister (nm)
configure:5219: result: /usr/bin/nm -B
configure:5349: checking the name lister (/usr/bin/nm -B) interface
configure:5356: gcc -c -g -O2  -fno-exceptions -funsigned-char conftest.c >&5
configure:5359: /usr/bin/nm -B "conftest.o"
configure:5362: output
00000000000001d4 S _some_variable
configure:5369: result: BSD nm
configure:5372: checking whether ln -s works
configure:5376: result: yes
configure:5384: checking the maximum length of command line arguments
configure:5515: result: 196608
configure:5563: checking how to convert x86_64-apple-darwin18.0.0 file names to x86_64-apple-darwin18.0.0 format
configure:5603: result: func_convert_file_noop
configure:5610: checking how to convert x86_64-apple-darwin18.0.0 file names to toolchain format
configure:5630: result: func_convert_file_noop
configure:5637: checking for /Applications/Xcode.app/Contents/Developer/Toolchains/XcodeDefault.xctoolchain/usr/bin/ld option to reload object files
configure:5644: result: -r
configure:5718: checking for objdump
configure:5734: found /usr/bin/objdump
configure:5745: result: objdump
configure:5777: checking how to recognize dependent libraries
configure:5977: result: pass_all
configure:6062: checking for dlltool
configure:6092: result: no
configure:6122: checking how to associate runtime and link libraries
configure:6149: result: printf %s\n
configure:6273: checking for archiver @FILE support
configure:6290: gcc -c -g -O2  -fno-exceptions -funsigned-char conftest.c >&5
configure:6290: $? = 0
configure:6293: ar cru libconftest.a @conftest.lst >&5
ar: @conftest.lst: No such file or directory
configure:6296: $? = 1
configure:6316: result: no
configure:6374: checking for strip
configure:6390: found /usr/bin/strip
configure:6401: result: strip
configure:6473: checking for ranlib
configure:6489: found /usr/bin/ranlib
configure:6500: result: ranlib
configure:6602: checking command to parse /usr/bin/nm -B output from gcc object
configure:6755: gcc -c -g -O2  -fno-exceptions -funsigned-char conftest.c >&5
configure:6758: $? = 0
configure:6762: /usr/bin/nm -B conftest.o \| sed -n -e 's/^.*[ ]\([BCDEGRST][BCDEGRST]*\)[ ][ ]*\([_A-Za-z][_A-Za-z0-9]*\)$/\1 \2 \2/p' | sed '/ __gnu_lto/d' \> conftest.nm
configure:6765: $? = 0
cannot find nm_test_var in conftest.nm
configure:6755: gcc -c -g -O2  -fno-exceptions -funsigned-char conftest.c >&5
configure:6758: $? = 0
configure:6762: /usr/bin/nm -B conftest.o \| sed -n -e 's/^.*[ ]\([BCDEGRST][BCDEGRST]*\)[ ][ ]*_\([_A-Za-z][_A-Za-z0-9]*\)$/\1 _\2 \2/p' | sed '/ __gnu_lto/d' \> conftest.nm
configure:6765: $? = 0
configure:6831: gcc -o conftest -g -O2  -fno-exceptions -funsigned-char  conftest.c conftstm.o >&5
warning: (x86_64)  could not find object file symbol for symbol _main
configure:6834: $? = 0
configure:6872: result: ok
configure:6919: checking for sysroot
configure:6949: result: no
configure:6956: checking for a working dd
configure:6994: result: /bin/dd
configure:6998: checking how to truncate binary pipes
configure:7013: result: /bin/dd bs=4096 count=1
configure:7342: checking for mt
configure:7372: result: no
configure:7392: checking if : is a manifest tool
configure:7398: : '-?'
configure:7406: result: no
configure:7462: checking for dsymutil
configure:7478: found /usr/bin/dsymutil
configure:7489: result: dsymutil
configure:7554: checking for nmedit
configure:7570: found /usr/bin/nmedit
configure:7581: result: nmedit
configure:7646: checking for lipo
configure:7662: found /usr/bin/lipo
configure:7673: result: lipo
configure:7738: checking for otool
configure:7754: found /usr/bin/otool
configure:7765: result: otool
configure:7830: checking for otool64
configure:7860: result: no
configure:7905: checking for -single_module linker flag
gcc -g -O2  -o libconftest.dylib -dynamiclib -Wl,-single_module conftest.c
configure:7938: result: yes
configure:7941: checking for -exported_symbols_list linker flag
configure:7961: gcc -o conftest -g -O2  -fno-exceptions -funsigned-char  -Wl,-exported_symbols_list,conftest.sym conftest.c  >&5
configure:7961: $? = 0
configure:7971: result: yes
configure:7974: checking for -force_load linker flag
gcc -g -O2 -c -o conftest.o conftest.c
ar cru libconftest.a conftest.o
ranlib libconftest.a
gcc -g -O2  -o conftest conftest.c -Wl,-force_load,./libconftest.a
configure:8006: result: yes
configure:8083: checking how to run the C preprocessor
configure:8114: gcc -E  -fno-exceptions -funsigned-char conftest.c
configure:8114: $? = 0
configure:8128: gcc -E  -fno-exceptions -funsigned-char conftest.c
conftest.c:11:10: fatal error: 'ac_nonexistent.h' file not found
#include <ac_nonexistent.h>
         ^~~~~~~~~~~~~~~~~~
1 error generated.
configure:8128: $? = 1
configure: failed program was:
| /* confdefs.h */
| #define PACKAGE_NAME "OpenFst"
| #define PACKAGE_TARNAME "openfst"
| #define PACKAGE_VERSION "1.6.9"
| #define PACKAGE_STRING "OpenFst 1.6.9"
| #define PACKAGE_BUGREPORT "help@www.openfst.org"
| #define PACKAGE_URL ""
| #define PACKAGE "openfst"
| #define VERSION "1.6.9"
| /* end confdefs.h.  */
| #include <ac_nonexistent.h>
configure:8153: result: gcc -E
configure:8173: gcc -E  -fno-exceptions -funsigned-char conftest.c
configure:8173: $? = 0
configure:8187: gcc -E  -fno-exceptions -funsigned-char conftest.c
conftest.c:11:10: fatal error: 'ac_nonexistent.h' file not found
#include <ac_nonexistent.h>
         ^~~~~~~~~~~~~~~~~~
1 error generated.
configure:8187: $? = 1
configure: failed program was:
| /* confdefs.h */
| #define PACKAGE_NAME "OpenFst"
| #define PACKAGE_TARNAME "openfst"
| #define PACKAGE_VERSION "1.6.9"
| #define PACKAGE_STRING "OpenFst 1.6.9"
| #define PACKAGE_BUGREPORT "help@www.openfst.org"
| #define PACKAGE_URL ""
| #define PACKAGE "openfst"
| #define VERSION "1.6.9"
| /* end confdefs.h.  */
| #include <ac_nonexistent.h>
configure:8216: checking for ANSI C header files
configure:8236: gcc -c -g -O2  -fno-exceptions -funsigned-char conftest.c >&5
configure:8236: $? = 0
configure:8309: gcc -o conftest -g -O2  -fno-exceptions -funsigned-char  conftest.c  >&5
configure:8309: $? = 0
configure:8309: ./conftest
configure:8309: $? = 0
configure:8320: result: yes
configure:8333: checking for sys/types.h
configure:8333: gcc -c -g -O2  -fno-exceptions -funsigned-char conftest.c >&5
configure:8333: $? = 0
configure:8333: result: yes
configure:8333: checking for sys/stat.h
configure:8333: gcc -c -g -O2  -fno-exceptions -funsigned-char conftest.c >&5
configure:8333: $? = 0
configure:8333: result: yes
configure:8333: checking for stdlib.h
configure:8333: gcc -c -g -O2  -fno-exceptions -funsigned-char conftest.c >&5
configure:8333: $? = 0
configure:8333: result: yes
configure:8333: checking for string.h
configure:8333: gcc -c -g -O2  -fno-exceptions -funsigned-char conftest.c >&5
configure:8333: $? = 0
configure:8333: result: yes
configure:8333: checking for memory.h
configure:8333: gcc -c -g -O2  -fno-exceptions -funsigned-char conftest.c >&5
configure:8333: $? = 0
configure:8333: result: yes
configure:8333: checking for strings.h
configure:8333: gcc -c -g -O2  -fno-exceptions -funsigned-char conftest.c >&5
configure:8333: $? = 0
configure:8333: result: yes
configure:8333: checking for inttypes.h
configure:8333: gcc -c -g -O2  -fno-exceptions -funsigned-char conftest.c >&5
configure:8333: $? = 0
configure:8333: result: yes
configure:8333: checking for stdint.h
configure:8333: gcc -c -g -O2  -fno-exceptions -funsigned-char conftest.c >&5
configure:8333: $? = 0
configure:8333: result: yes
configure:8333: checking for unistd.h
configure:8333: gcc -c -g -O2  -fno-exceptions -funsigned-char conftest.c >&5
configure:8333: $? = 0
configure:8333: result: yes
configure:8347: checking for dlfcn.h
configure:8347: gcc -c -g -O2  -fno-exceptions -funsigned-char conftest.c >&5
configure:8347: $? = 0
configure:8347: result: yes
configure:8584: checking for objdir
configure:8599: result: .libs
configure:8863: checking if gcc supports -fno-rtti -fno-exceptions
configure:8881: gcc -c -g -O2  -fno-exceptions -funsigned-char -fno-rtti -fno-exceptions conftest.c >&5
configure:8885: $? = 0
configure:8898: result: yes
configure:9256: checking for gcc option to produce PIC
configure:9263: result: -fno-common -DPIC
configure:9271: checking if gcc PIC flag -fno-common -DPIC works
configure:9289: gcc -c -g -O2  -fno-exceptions -funsigned-char -fno-common -DPIC -DPIC conftest.c >&5
configure:9293: $? = 0
configure:9306: result: yes
configure:9335: checking if gcc static flag -static works
configure:9363: result: no
configure:9378: checking if gcc supports -c -o file.o
configure:9399: gcc -c -g -O2  -fno-exceptions -funsigned-char -o out/conftest2.o conftest.c >&5
configure:9403: $? = 0
configure:9425: result: yes
configure:9433: checking if gcc supports -c -o file.o
configure:9480: result: yes
configure:9513: checking whether the gcc linker (/Applications/Xcode.app/Contents/Developer/Toolchains/XcodeDefault.xctoolchain/usr/bin/ld) supports shared libraries
configure:10776: result: yes
configure:11016: checking dynamic linker characteristics
configure:11846: result: darwin18.0.0 dyld
configure:11968: checking how to hardcode library paths into programs
configure:11993: result: immediate
configure:12541: checking whether stripping libraries is possible
configure:12555: result: yes
configure:12581: checking if libtool supports shared libraries
configure:12583: result: yes
configure:12586: checking whether to build shared libraries
configure:12611: result: yes
configure:12614: checking whether to build static libraries
configure:12618: result: no
configure:12641: checking how to run the C++ preprocessor
configure:12668: g++ -E  -fno-exceptions -funsigned-char conftest.cpp
configure:12668: $? = 0
configure:12682: g++ -E  -fno-exceptions -funsigned-char conftest.cpp
conftest.cpp:23:10: fatal error: 'ac_nonexistent.h' file not found
#include <ac_nonexistent.h>
         ^~~~~~~~~~~~~~~~~~
1 error generated.
configure:12682: $? = 1
configure: failed program was:
| /* confdefs.h */
| #define PACKAGE_NAME "OpenFst"
| #define PACKAGE_TARNAME "openfst"
| #define PACKAGE_VERSION "1.6.9"
| #define PACKAGE_STRING "OpenFst 1.6.9"
| #define PACKAGE_BUGREPORT "help@www.openfst.org"
| #define PACKAGE_URL ""
| #define PACKAGE "openfst"
| #define VERSION "1.6.9"
| #define STDC_HEADERS 1
| #define HAVE_SYS_TYPES_H 1
| #define HAVE_SYS_STAT_H 1
| #define HAVE_STDLIB_H 1
| #define HAVE_STRING_H 1
| #define HAVE_MEMORY_H 1
| #define HAVE_STRINGS_H 1
| #define HAVE_INTTYPES_H 1
| #define HAVE_STDINT_H 1
| #define HAVE_UNISTD_H 1
| #define HAVE_DLFCN_H 1
| #define LT_OBJDIR ".libs/"
| /* end confdefs.h.  */
| #include <ac_nonexistent.h>
configure:12707: result: g++ -E
configure:12727: g++ -E  -fno-exceptions -funsigned-char conftest.cpp
configure:12727: $? = 0
configure:12741: g++ -E  -fno-exceptions -funsigned-char conftest.cpp
conftest.cpp:23:10: fatal error: 'ac_nonexistent.h' file not found
#include <ac_nonexistent.h>
         ^~~~~~~~~~~~~~~~~~
1 error generated.
configure:12741: $? = 1
configure: failed program was:
| /* confdefs.h */
| #define PACKAGE_NAME "OpenFst"
| #define PACKAGE_TARNAME "openfst"
| #define PACKAGE_VERSION "1.6.9"
| #define PACKAGE_STRING "OpenFst 1.6.9"
| #define PACKAGE_BUGREPORT "help@www.openfst.org"
| #define PACKAGE_URL ""
| #define PACKAGE "openfst"
| #define VERSION "1.6.9"
| #define STDC_HEADERS 1
| #define HAVE_SYS_TYPES_H 1
| #define HAVE_SYS_STAT_H 1
| #define HAVE_STDLIB_H 1
| #define HAVE_STRING_H 1
| #define HAVE_MEMORY_H 1
| #define HAVE_STRINGS_H 1
| #define HAVE_INTTYPES_H 1
| #define HAVE_STDINT_H 1
| #define HAVE_UNISTD_H 1
| #define HAVE_DLFCN_H 1
| #define LT_OBJDIR ".libs/"
| /* end confdefs.h.  */
| #include <ac_nonexistent.h>
configure:12903: checking for ld used by g++
configure:12970: result: /Applications/Xcode.app/Contents/Developer/Toolchains/XcodeDefault.xctoolchain/usr/bin/ld
configure:12977: checking if the linker (/Applications/Xcode.app/Contents/Developer/Toolchains/XcodeDefault.xctoolchain/usr/bin/ld) is GNU ld
configure:12992: result: no
configure:13047: checking whether the g++ linker (/Applications/Xcode.app/Contents/Developer/Toolchains/XcodeDefault.xctoolchain/usr/bin/ld) supports shared libraries
configure:14120: result: yes
configure:14156: g++ -c  -std=c++11  -fno-exceptions -funsigned-char conftest.cpp >&5
configure:14159: $? = 0
configure:14640: checking for g++ option to produce PIC
configure:14647: result: -fno-common -DPIC
configure:14655: checking if g++ PIC flag -fno-common -DPIC works
configure:14673: g++ -c  -std=c++11  -fno-exceptions -funsigned-char -fno-common -DPIC -DPIC conftest.cpp >&5
configure:14677: $? = 0
configure:14690: result: yes
configure:14713: checking if g++ static flag -static works
configure:14741: result: no
configure:14753: checking if g++ supports -c -o file.o
configure:14774: g++ -c  -std=c++11  -fno-exceptions -funsigned-char -o out/conftest2.o conftest.cpp >&5
configure:14778: $? = 0
configure:14800: result: yes
configure:14805: checking if g++ supports -c -o file.o
configure:14852: result: yes
configure:14882: checking whether the g++ linker (/Applications/Xcode.app/Contents/Developer/Toolchains/XcodeDefault.xctoolchain/usr/bin/ld) supports shared libraries
configure:14925: result: yes
configure:15066: checking dynamic linker characteristics
configure:15823: result: darwin18.0.0 dyld
configure:15888: checking how to hardcode library paths into programs
configure:15913: result: immediate
configure:16183: checking for a Python interpreter with version >= 2.7
configure:16200: python -c import sys # split strings by '.' and convert to numeric. Append some zeros # because we need at least 4 digits for the hex conversion. # map returns an iterator in Python 3.0 and a list in 2.x minver = list(map(int, '2.7'.split('.'))) + [0, 0, 0] minverhex = 0 # xrange is not present in Python 3.0 and range returns an iterator for i in list(range(0, 4)): minverhex = (minverhex << 8) + minver[i] sys.exit(sys.hexversion < minverhex)
configure:16203: $? = 0
configure:16209: result: python
configure:16217: checking for python
configure:16235: found /usr/bin/python
configure:16247: result: /usr/bin/python
configure:16265: checking for python version
configure:16272: result: 2.7
configure:16284: checking for python platform
configure:16291: result: darwin
configure:16317: checking for python script directory
configure:16352: result: ${prefix}/lib/python2.7/site-packages
configure:16361: checking for python extension module directory
configure:16396: result: ${exec_prefix}/lib/python2.7/site-packages
configure:16417: checking for python2.7
configure:16447: result: /usr/bin/python
configure:16463: checking for a version of Python >= '2.1.0'
configure:16489: result: yes
configure:16497: checking for a version of Python >= '2.7'
configure:16503: result: yes
configure:16520: checking for the distutils Python package
configure:16524: result: yes
configure:16538: checking for Python include path
configure:16548: result: -I/System/Library/Frameworks/Python.framework/Versions/2.7/include/python2.7
configure:16555: checking for Python library path
configure:16577: result: -L/System/Library/Frameworks/Python.framework/Versions/2.7/lib/python2.7 -lpython2.7
configure:16584: checking for Python site-packages path
configure:16590: result: /Library/Python/2.7/site-packages
configure:16597: checking python extra libraries
configure:16604: result:  -ldl  -framework CoreFoundation
configure:16611: checking python extra linking flags
configure:16618: result: -u _PyMac_Error /System/Library/Frameworks/Python.framework/Versions/2.7/Python
configure:16625: checking consistency of all components of python development environment
configure:16651: gcc -o conftest -g -O2  -I/System/Library/Frameworks/Python.framework/Versions/2.7/include/python2.7  conftest.c  -L/System/Library/Frameworks/Python.framework/Versions/2.7/lib/python2.7 -lpython2.7 >&5
configure:16651: $? = 0
configure:16659: result: yes
configure:16762: checking for dlopen in -ldl
configure:16787: g++ -o conftest  -std=c++11   conftest.cpp -ldl   >&5
configure:16787: $? = 0
configure:16796: result: yes
configure:16913: checking that generated files are newer than configure
configure:16919: result: done
configure:17002: creating ./config.status

## ---------------------- ##
## Running config.status. ##
## ---------------------- ##

This file was extended by OpenFst config.status 1.6.9, which was
generated by GNU Autoconf 2.69.  Invocation command line was

  CONFIG_FILES    = 
  CONFIG_HEADERS  = 
  CONFIG_LINKS    = 
  CONFIG_COMMANDS = 
  $ ./config.status 

on ydkaide-MacBook-Pro.local

config.status:1207: creating Makefile
config.status:1207: creating src/Makefile
config.status:1207: creating src/include/Makefile
config.status:1207: creating src/lib/Makefile
config.status:1207: creating src/bin/Makefile
config.status:1207: creating src/test/Makefile
config.status:1207: creating src/extensions/Makefile
config.status:1207: creating src/extensions/compact/Makefile
config.status:1207: creating src/extensions/compress/Makefile
config.status:1207: creating src/extensions/const/Makefile
config.status:1207: creating src/extensions/far/Makefile
config.status:1207: creating src/extensions/linear/Makefile
config.status:1207: creating src/extensions/lookahead/Makefile
config.status:1207: creating src/extensions/mpdt/Makefile
config.status:1207: creating src/extensions/ngram/Makefile
config.status:1207: creating src/extensions/pdt/Makefile
config.status:1207: creating src/extensions/python/Makefile
config.status:1207: creating src/extensions/special/Makefile
config.status:1207: creating src/script/Makefile
config.status:1207: creating config.h
config.status:1207: creating src/include/fst/config.h
config.status:1388: src/include/fst/config.h is unchanged
config.status:1436: executing depfiles commands
config.status:1436: executing libtool commands

## ---------------- ##
## Cache variables. ##
## ---------------- ##

ac_cv_build=x86_64-apple-darwin18.0.0
ac_cv_c_compiler_gnu=yes
ac_cv_cxx_compiler_gnu=yes
ac_cv_env_CCC_set=
ac_cv_env_CCC_value=
ac_cv_env_CC_set=
ac_cv_env_CC_value=
ac_cv_env_CFLAGS_set=
ac_cv_env_CFLAGS_value=
ac_cv_env_CPPFLAGS_set=
ac_cv_env_CPPFLAGS_value=
ac_cv_env_CPP_set=
ac_cv_env_CPP_value=
ac_cv_env_CXXCPP_set=
ac_cv_env_CXXCPP_value=
ac_cv_env_CXXFLAGS_set=
ac_cv_env_CXXFLAGS_value=
ac_cv_env_CXX_set=
ac_cv_env_CXX_value=
ac_cv_env_LDFLAGS_set=
ac_cv_env_LDFLAGS_value=
ac_cv_env_LIBS_set=
ac_cv_env_LIBS_value=
ac_cv_env_LT_SYS_LIBRARY_PATH_set=
ac_cv_env_LT_SYS_LIBRARY_PATH_value=
ac_cv_env_PYTHON_VERSION_set=
ac_cv_env_PYTHON_VERSION_value=
ac_cv_env_PYTHON_set=
ac_cv_env_PYTHON_value=
ac_cv_env_build_alias_set=
ac_cv_env_build_alias_value=
ac_cv_env_host_alias_set=
ac_cv_env_host_alias_value=
ac_cv_env_target_alias_set=
ac_cv_env_target_alias_value=
ac_cv_header_dlfcn_h=yes
ac_cv_header_inttypes_h=yes
ac_cv_header_memory_h=yes
ac_cv_header_stdc=yes
ac_cv_header_stdint_h=yes
ac_cv_header_stdlib_h=yes
ac_cv_header_string_h=yes
ac_cv_header_strings_h=yes
ac_cv_header_sys_stat_h=yes
ac_cv_header_sys_types_h=yes
ac_cv_header_unistd_h=yes
ac_cv_host=x86_64-apple-darwin18.0.0
ac_cv_lib_dl_dlopen=yes
ac_cv_objext=o
ac_cv_path_EGREP='/usr/bin/grep -E'
ac_cv_path_FGREP='/usr/bin/grep -F'
ac_cv_path_GREP=/usr/bin/grep
ac_cv_path_PYTHON=/usr/bin/python
ac_cv_path_SED=/usr/bin/sed
ac_cv_path_install='/usr/bin/install -c'
ac_cv_path_lt_DD=/bin/dd
ac_cv_prog_AWK=awk
ac_cv_prog_CPP='gcc -E'
ac_cv_prog_CXXCPP='g++ -E'
ac_cv_prog_ac_ct_AR=ar
ac_cv_prog_ac_ct_CC=gcc
ac_cv_prog_ac_ct_CXX=g++
ac_cv_prog_ac_ct_DSYMUTIL=dsymutil
ac_cv_prog_ac_ct_LIPO=lipo
ac_cv_prog_ac_ct_NMEDIT=nmedit
ac_cv_prog_ac_ct_OBJDUMP=objdump
ac_cv_prog_ac_ct_OTOOL=otool
ac_cv_prog_ac_ct_RANLIB=ranlib
ac_cv_prog_ac_ct_STRIP=strip
ac_cv_prog_cc_c89=
ac_cv_prog_cc_g=yes
ac_cv_prog_cxx_g=yes
ac_cv_prog_make_make_set=yes
am_cv_CC_dependencies_compiler_type=gcc3
am_cv_CXX_dependencies_compiler_type=gcc3
am_cv_ar_interface=ar
am_cv_make_support_nested_variables=yes
am_cv_pathless_PYTHON=python
am_cv_prog_cc_c_o=yes
am_cv_python_platform=darwin
am_cv_python_pyexecdir='${exec_prefix}/lib/python2.7/site-packages'
am_cv_python_pythondir='${prefix}/lib/python2.7/site-packages'
am_cv_python_version=2.7
lt_cv_apple_cc_single_mod=yes
lt_cv_ar_at_file=no
lt_cv_deplibs_check_method=pass_all
lt_cv_file_magic_cmd='$MAGIC_CMD'
lt_cv_file_magic_test_file=
lt_cv_ld_exported_symbols_list=yes
lt_cv_ld_force_load=yes
lt_cv_ld_reload_flag=-r
lt_cv_nm_interface='BSD nm'
lt_cv_objdir=.libs
lt_cv_path_LD=/Applications/Xcode.app/Contents/Developer/Toolchains/XcodeDefault.xctoolchain/usr/bin/ld
lt_cv_path_LDCXX=/Applications/Xcode.app/Contents/Developer/Toolchains/XcodeDefault.xctoolchain/usr/bin/ld
lt_cv_path_NM='/usr/bin/nm -B'
lt_cv_path_mainfest_tool=no
lt_cv_prog_compiler_c_o=yes
lt_cv_prog_compiler_c_o_CXX=yes
lt_cv_prog_compiler_pic='-fno-common -DPIC'
lt_cv_prog_compiler_pic_CXX='-fno-common -DPIC'
lt_cv_prog_compiler_pic_works=yes
lt_cv_prog_compiler_pic_works_CXX=yes
lt_cv_prog_compiler_rtti_exceptions=yes
lt_cv_prog_compiler_static_works=no
lt_cv_prog_compiler_static_works_CXX=no
lt_cv_prog_gnu_ld=no
lt_cv_prog_gnu_ldcxx=no
lt_cv_sharedlib_from_linklib_cmd='printf %s\n'
lt_cv_sys_global_symbol_pipe='sed -n -e '\''s/^.*[	 ]\([BCDEGRST][BCDEGRST]*\)[	 ][	 ]*_\([_A-Za-z][_A-Za-z0-9]*\)$/\1 _\2 \2/p'\'' | sed '\''/ __gnu_lto/d'\'''
lt_cv_sys_global_symbol_to_c_name_address='sed -n -e '\''s/^: \(.*\) .*$/  {"\1", (void *) 0},/p'\'' -e '\''s/^[BCDEGRST][BCDEGRST]* .* \(.*\)$/  {"\1", (void *) \&\1},/p'\'''
lt_cv_sys_global_symbol_to_c_name_address_lib_prefix='sed -n -e '\''s/^: \(.*\) .*$/  {"\1", (void *) 0},/p'\'' -e '\''s/^[BCDEGRST][BCDEGRST]* .* \(lib.*\)$/  {"\1", (void *) \&\1},/p'\'' -e '\''s/^[BCDEGRST][BCDEGRST]* .* \(.*\)$/  {"lib\1", (void *) \&\1},/p'\'''
lt_cv_sys_global_symbol_to_cdecl='sed -n -e '\''s/^T .* \(.*\)$/extern int \1();/p'\'' -e '\''s/^[BCDEGRST][BCDEGRST]* .* \(.*\)$/extern char \1;/p'\'''
lt_cv_sys_global_symbol_to_import=
lt_cv_sys_max_cmd_len=196608
lt_cv_to_host_file_cmd=func_convert_file_noop
lt_cv_to_tool_file_cmd=func_convert_file_noop
lt_cv_truncate_bin='/bin/dd bs=4096 count=1'

## ----------------- ##
## Output variables. ##
## ----------------- ##

ACLOCAL='${SHELL} /Users/ydkai/Downloads/openfst-1.6.9/missing aclocal-1.15'
AMDEPBACKSLASH='\'
AMDEP_FALSE='#'
AMDEP_TRUE=''
AMTAR='$${TAR-tar}'
AM_BACKSLASH='\'
AM_DEFAULT_V='$(AM_DEFAULT_VERBOSITY)'
AM_DEFAULT_VERBOSITY='1'
AM_V='$(V)'
AR='ar'
AUTOCONF='${SHELL} /Users/ydkai/Downloads/openfst-1.6.9/missing autoconf'
AUTOHEADER='${SHELL} /Users/ydkai/Downloads/openfst-1.6.9/missing autoheader'
AUTOMAKE='${SHELL} /Users/ydkai/Downloads/openfst-1.6.9/missing automake-1.15'
AWK='awk'
CC='gcc'
CCDEPMODE='depmode=gcc3'
CFLAGS='-g -O2'
CPP='gcc -E'
CPPFLAGS=''
CXX='g++'
CXXCPP='g++ -E'
CXXDEPMODE='depmode=gcc3'
CXXFLAGS=' -std=c++11'
CYGPATH_W='echo'
DEFS='-DHAVE_CONFIG_H'
DEPDIR='.deps'
DLLTOOL='false'
DL_LIBS='-ldl'
DSYMUTIL='dsymutil'
DUMPBIN=''
ECHO_C='\c'
ECHO_N=''
ECHO_T=''
EGREP='/usr/bin/grep -E'
EXEEXT=''
FGREP='/usr/bin/grep -F'
GREP='/usr/bin/grep'
HAVE_BIN_FALSE='#'
HAVE_BIN_TRUE=''
HAVE_COMPACT_FALSE=''
HAVE_COMPACT_TRUE='#'
HAVE_COMPRESS_FALSE=''
HAVE_COMPRESS_TRUE='#'
HAVE_CONST_FALSE=''
HAVE_CONST_TRUE='#'
HAVE_FAR_FALSE=''
HAVE_FAR_TRUE='#'
HAVE_GRM_FALSE=''
HAVE_GRM_TRUE='#'
HAVE_LINEAR_FALSE=''
HAVE_LINEAR_TRUE='#'
HAVE_LOOKAHEAD_FALSE=''
HAVE_LOOKAHEAD_TRUE='#'
HAVE_MPDT_FALSE=''
HAVE_MPDT_TRUE='#'
HAVE_NGRAM_FALSE=''
HAVE_NGRAM_TRUE='#'
HAVE_PDT_FALSE=''
HAVE_PDT_TRUE='#'
HAVE_PYTHON_FALSE='#'
HAVE_PYTHON_TRUE=''
HAVE_SCRIPT_FALSE='#'
HAVE_SCRIPT_TRUE=''
HAVE_SPECIAL_FALSE=''
HAVE_SPECIAL_TRUE='#'
INSTALL_DATA='${INSTALL} -m 644'
INSTALL_PROGRAM='${INSTALL}'
INSTALL_SCRIPT='${INSTALL}'
INSTALL_STRIP_PROGRAM='$(install_sh) -c -s'
LD='/Applications/Xcode.app/Contents/Developer/Toolchains/XcodeDefault.xctoolchain/usr/bin/ld'
LDFLAGS=''
LIBOBJS=''
LIBS=''
LIBTOOL='$(SHELL) $(top_builddir)/libtool'
LIPO='lipo'
LN_S='ln -s'
LTLIBOBJS=''
LT_SYS_LIBRARY_PATH=''
MAKEINFO='${SHELL} /Users/ydkai/Downloads/openfst-1.6.9/missing makeinfo'
MANIFEST_TOOL=':'
MKDIR_P='./install-sh -c -d'
NM='/usr/bin/nm -B'
NMEDIT='nmedit'
OBJDUMP='objdump'
OBJEXT='o'
OTOOL64=':'
OTOOL='otool'
PACKAGE='openfst'
PACKAGE_BUGREPORT='help@www.openfst.org'
PACKAGE_NAME='OpenFst'
PACKAGE_STRING='OpenFst 1.6.9'
PACKAGE_TARNAME='openfst'
PACKAGE_URL=''
PACKAGE_VERSION='1.6.9'
PATH_SEPARATOR=':'
PYTHON='/usr/bin/python'
PYTHON_CPPFLAGS='-I/System/Library/Frameworks/Python.framework/Versions/2.7/include/python2.7'
PYTHON_EXEC_PREFIX='${exec_prefix}'
PYTHON_EXTRA_LDFLAGS='-u _PyMac_Error /System/Library/Frameworks/Python.framework/Versions/2.7/Python'
PYTHON_EXTRA_LIBS=' -ldl  -framework CoreFoundation'
PYTHON_LDFLAGS='-L/System/Library/Frameworks/Python.framework/Versions/2.7/lib/python2.7 -lpython2.7'
PYTHON_PLATFORM='darwin'
PYTHON_PREFIX='${prefix}'
PYTHON_SITE_PKG='/Library/Python/2.7/site-packages'
PYTHON_VERSION='2.7'
RANLIB='ranlib'
SED='/usr/bin/sed'
SET_MAKE=''
SHELL='/bin/sh'
STRIP='strip'
VERSION='1.6.9'
ac_ct_AR='ar'
ac_ct_CC='gcc'
ac_ct_CXX='g++'
ac_ct_DUMPBIN=''
am__EXEEXT_FALSE=''
am__EXEEXT_TRUE='#'
am__fastdepCC_FALSE='#'
am__fastdepCC_TRUE=''
am__fastdepCXX_FALSE='#'
am__fastdepCXX_TRUE=''
am__include='include'
am__isrc=''
am__leading_dot='.'
am__nodep='_no'
am__quote=''
am__tar='$${TAR-tar} chof - "$$tardir"'
am__untar='$${TAR-tar} xf -'
bindir='${exec_prefix}/bin'
build='x86_64-apple-darwin18.0.0'
build_alias=''
build_cpu='x86_64'
build_os='darwin18.0.0'
build_vendor='apple'
datadir='${datarootdir}'
datarootdir='${prefix}/share'
docdir='${datarootdir}/doc/${PACKAGE_TARNAME}'
dvidir='${docdir}'
exec_prefix='${prefix}'
host='x86_64-apple-darwin18.0.0'
host_alias=''
host_cpu='x86_64'
host_os='darwin18.0.0'
host_vendor='apple'
htmldir='${docdir}'
includedir='${prefix}/include'
infodir='${datarootdir}/info'
install_sh='${SHELL} /Users/ydkai/Downloads/openfst-1.6.9/install-sh'
libdir='${exec_prefix}/lib'
libexecdir='${exec_prefix}/libexec'
libfstdir='${exec_prefix}/lib/fst'
localedir='${datarootdir}/locale'
localstatedir='${prefix}/var'
mandir='${datarootdir}/man'
mkdir_p='$(MKDIR_P)'
oldincludedir='/usr/include'
pdfdir='${docdir}'
pkgpyexecdir='${pyexecdir}/openfst'
pkgpythondir='${pythondir}/openfst'
prefix='/usr/local'
program_transform_name='s,x,x,'
psdir='${docdir}'
pyexecdir='${exec_prefix}/lib/python2.7/site-packages'
pythondir='${prefix}/lib/python2.7/site-packages'
runstatedir='${localstatedir}/run'
sbindir='${exec_prefix}/sbin'
sharedstatedir='${prefix}/com'
sysconfdir='${prefix}/etc'
target_alias=''

## ----------- ##
## confdefs.h. ##
## ----------- ##

/* confdefs.h */
#define PACKAGE_NAME "OpenFst"
#define PACKAGE_TARNAME "openfst"
#define PACKAGE_VERSION "1.6.9"
#define PACKAGE_STRING "OpenFst 1.6.9"
#define PACKAGE_BUGREPORT "help@www.openfst.org"
#define PACKAGE_URL ""
#define PACKAGE "openfst"
#define VERSION "1.6.9"
#define STDC_HEADERS 1
#define HAVE_SYS_TYPES_H 1
#define HAVE_SYS_STAT_H 1
#define HAVE_STDLIB_H 1
#define HAVE_STRING_H 1
#define HAVE_MEMORY_H 1
#define HAVE_STRINGS_H 1
#define HAVE_INTTYPES_H 1
#define HAVE_STDINT_H 1
#define HAVE_UNISTD_H 1
#define HAVE_DLFCN_H 1
#define LT_OBJDIR ".libs/"

configure: exit 0
